<?xml version="1.0" encoding="UTF-8"?>
<testng-results ignored="0" total="2" passed="2" failed="0" skipped="0">
  <reporter-output>
  </reporter-output>
  <suite started-at="2023-01-13T15:59:09 IST" name="Surefire suite" finished-at="2023-01-13T15:59:35 IST" duration-ms="25556">
    <groups>
      <group name="cucumber">
        <method signature="AbstractTestNGCucumberTests.runScenario(io.cucumber.testng.PickleWrapper,io.cucumber.testng.FeatureWrapper)[pri:0, instance:CucumberRunner.Testngrunner@4386f16]" name="runScenario" class="io.cucumber.testng.AbstractTestNGCucumberTests"/>
      </group> <!-- cucumber -->
    </groups>
    <test started-at="2023-01-13T15:59:09 IST" name="Surefire test" finished-at="2023-01-13T15:59:35 IST" duration-ms="25556">
      <class name="CucumberRunner.Testngrunner">
        <test-method is-config="true" signature="setUpClass(org.testng.ITestContext)[pri:0, instance:CucumberRunner.Testngrunner@4386f16]" started-at="2023-01-13T15:59:09 IST" name="setUpClass" finished-at="2023-01-13T15:59:10 IST" duration-ms="1156" status="PASS">
          <params>
            <param index="0">
              <value>
                <![CDATA[org.testng.TestRunner@e2b3026]]>
              </value>
            </param>
          </params>
          <reporter-output>
          </reporter-output>
        </test-method> <!-- setUpClass -->
        <test-method signature="runScenario(io.cucumber.testng.PickleWrapper,io.cucumber.testng.FeatureWrapper)[pri:0, instance:CucumberRunner.Testngrunner@4386f16]" started-at="2023-01-13T15:59:10 IST" name="runScenario" description="Runs Cucumber Scenarios" data-provider="scenarios" finished-at="2023-01-13T15:59:23 IST" duration-ms="12937" status="PASS">
          <params>
            <param index="0">
              <value>
                <![CDATA["Searching a product on Greenkart website"]]>
              </value>
            </param>
            <param index="1">
              <value>
                <![CDATA["Cheakout product to cart"]]>
              </value>
            </param>
          </params>
          <reporter-output>
          </reporter-output>
        </test-method> <!-- runScenario -->
        <test-method signature="runScenario(io.cucumber.testng.PickleWrapper,io.cucumber.testng.FeatureWrapper)[pri:0, instance:CucumberRunner.Testngrunner@4386f16]" started-at="2023-01-13T15:59:23 IST" name="runScenario" description="Runs Cucumber Scenarios" data-provider="scenarios" finished-at="2023-01-13T15:59:34 IST" duration-ms="10878" status="PASS">
          <params>
            <param index="0">
              <value>
                <![CDATA["Searching a product on Greenkart website"]]>
              </value>
            </param>
            <param index="1">
              <value>
                <![CDATA["Cheakout product to cart"]]>
              </value>
            </param>
          </params>
          <reporter-output>
          </reporter-output>
        </test-method> <!-- runScenario -->
        <test-method is-config="true" signature="tearDownClass()[pri:0, instance:CucumberRunner.Testngrunner@4386f16]" started-at="2023-01-13T15:59:34 IST" name="tearDownClass" finished-at="2023-01-13T15:59:35 IST" duration-ms="537" status="PASS">
          <reporter-output>
          </reporter-output>
        </test-method> <!-- tearDownClass -->
      </class> <!-- CucumberRunner.Testngrunner -->
    </test> <!-- Surefire test -->
  </suite> <!-- Surefire suite -->
</testng-results>
